# JRE version: Java(TM) SE Runtime Environment 18.9 (11.0.11+9) (build 11.0.11+9-LTS-194)
# Java VM: Java HotSpot(TM) 64-Bit Server VM 18.9 (11.0.11+9-LTS-194, mixed mode, tiered, compressed oops, g1 gc, windows-amd64)
Heap:
 garbage-first heap   total 260096K, used 69077K [0x00000000e0000000, 0x0000000100000000)
  region size 1024K, 52 young (53248K), 11 survivors (11264K)
 Metaspace       used 60121K, capacity 61634K, committed 61744K, reserved 1103872K
  class space    used 6619K, capacity 7191K, committed 7296K, reserved 1048576K
GC Heap History (10 events):
Event: 11.139 GC heap before
{Heap before GC invocations=10 (full 0):
 garbage-first heap   total 260096K, used 165659K [0x00000000e0000000, 0x0000000100000000)
  region size 1024K, 152 young (155648K), 8 survivors (8192K)
 Metaspace       used 46240K, capacity 47519K, committed 47664K, reserved 1091584K
  class space    used 5128K, capacity 5640K, committed 5760K, reserved 1048576K
}
Event: 11.148 GC heap after
{Heap after GC invocations=11 (full 0):
 garbage-first heap   total 260096K, used 19883K [0x00000000e0000000, 0x0000000100000000)
  region size 1024K, 10 young (10240K), 10 survivors (10240K)
 Metaspace       used 46240K, capacity 47519K, committed 47664K, reserved 1091584K
  class space    used 5128K, capacity 5640K, committed 5760K, reserved 1048576K
}
Event: 16.760 GC heap before
{Heap before GC invocations=11 (full 0):
 garbage-first heap   total 260096K, used 164267K [0x00000000e0000000, 0x0000000100000000)
  region size 1024K, 152 young (155648K), 10 survivors (10240K)
 Metaspace       used 50030K, capacity 51414K, committed 51504K, reserved 1095680K
  class space    used 5507K, capacity 6013K, committed 6016K, reserved 1048576K
}
Event: 16.769 GC heap after
{Heap after GC invocations=12 (full 0):
 garbage-first heap   total 260096K, used 23050K [0x00000000e0000000, 0x0000000100000000)
  region size 1024K, 13 young (13312K), 13 survivors (13312K)
 Metaspace       used 50030K, capacity 51414K, committed 51504K, reserved 1095680K
  class space    used 5507K, capacity 6013K, committed 6016K, reserved 1048576K
}
Event: 17.964 GC heap before
{Heap before GC invocations=12 (full 0):
 garbage-first heap   total 260096K, used 165386K [0x00000000e0000000, 0x0000000100000000)
  region size 1024K, 152 young (155648K), 13 survivors (13312K)
 Metaspace       used 53514K, capacity 54914K, committed 55088K, reserved 1097728K
  class space    used 5871K, capacity 6444K, committed 6528K, reserved 1048576K
}
Event: 17.974 GC heap after
{Heap after GC invocations=13 (full 0):
 garbage-first heap   total 260096K, used 25123K [0x00000000e0000000, 0x0000000100000000)
  region size 1024K, 12 young (12288K), 12 survivors (12288K)
 Metaspace       used 53514K, capacity 54914K, committed 55088K, reserved 1097728K
  class space    used 5871K, capacity 6444K, committed 6528K, reserved 1048576K
}
Event: 19.512 GC heap before
{Heap before GC invocations=13 (full 0):
 garbage-first heap   total 260096K, used 168483K [0x00000000e0000000, 0x0000000100000000)
  region size 1024K, 152 young (155648K), 12 survivors (12288K)
 Metaspace       used 58366K, capacity 59819K, committed 59952K, reserved 1101824K
  class space    used 6429K, capacity 6993K, committed 7040K, reserved 1048576K
}
Event: 19.522 GC heap after
{Heap after GC invocations=14 (full 0):
 garbage-first heap   total 260096K, used 28153K [0x00000000e0000000, 0x0000000100000000)
  region size 1024K, 13 young (13312K), 13 survivors (13312K)
 Metaspace       used 58366K, capacity 59819K, committed 59952K, reserved 1101824K
  class space    used 6429K, capacity 6993K, committed 7040K, reserved 1048576K
}
Event: 19.627 GC heap before
{Heap before GC invocations=14 (full 0):
 garbage-first heap   total 260096K, used 38393K [0x00000000e0000000, 0x0000000100000000)
  region size 1024K, 24 young (24576K), 13 survivors (13312K)
 Metaspace       used 58721K, capacity 60194K, committed 60208K, reserved 1101824K
  class space    used 6475K, capacity 7031K, committed 7040K, reserved 1048576K
}
Event: 19.640 GC heap after
{Heap after GC invocations=15 (full 0):
 garbage-first heap   total 260096K, used 28117K [0x00000000e0000000, 0x0000000100000000)
  region size 1024K, 11 young (11264K), 11 survivors (11264K)
 Metaspace       used 58721K, capacity 60194K, committed 60208K, reserved 1101824K
  class space    used 6475K, capacity 7031K, committed 7040K, reserved 1048576K
}

