# JRE version: Java(TM) SE Runtime Environment 18.9 (11.0.11+9) (build 11.0.11+9-LTS-194)
# Java VM: Java HotSpot(TM) 64-Bit Server VM 18.9 (11.0.11+9-LTS-194, mixed mode, tiered, compressed oops, g1 gc, windows-amd64)
Heap:
 garbage-first heap   total 260096K, used 35916K [0x00000000e0000000, 0x0000000100000000)
  region size 1024K, 24 young (24576K), 12 survivors (12288K)
 Metaspace       used 53660K, capacity 55034K, committed 55344K, reserved 1097728K
  class space    used 5889K, capacity 6444K, committed 6528K, reserved 1048576K
GC Heap History (10 events):
Event: 8.842 GC heap before
{Heap before GC invocations=6 (full 0):
 garbage-first heap   total 260096K, used 118400K [0x00000000e0000000, 0x0000000100000000)
  region size 1024K, 110 young (112640K), 9 survivors (9216K)
 Metaspace       used 34742K, capacity 35786K, committed 35888K, reserved 1081344K
  class space    used 3742K, capacity 4159K, committed 4224K, reserved 1048576K
}
Event: 8.850 GC heap after
{Heap after GC invocations=7 (full 0):
 garbage-first heap   total 260096K, used 17575K [0x00000000e0000000, 0x0000000100000000)
  region size 1024K, 11 young (11264K), 11 survivors (11264K)
 Metaspace       used 34742K, capacity 35786K, committed 35888K, reserved 1081344K
  class space    used 3742K, capacity 4159K, committed 4224K, reserved 1048576K
}
Event: 9.424 GC heap before
{Heap before GC invocations=8 (full 0):
 garbage-first heap   total 260096K, used 161959K [0x00000000e0000000, 0x0000000100000000)
  region size 1024K, 152 young (155648K), 11 survivors (11264K)
 Metaspace       used 39795K, capacity 40975K, committed 41136K, reserved 1085440K
  class space    used 4319K, capacity 4763K, committed 4864K, reserved 1048576K
}
Event: 9.433 GC heap after
{Heap after GC invocations=9 (full 0):
 garbage-first heap   total 260096K, used 18469K [0x00000000e0000000, 0x0000000100000000)
  region size 1024K, 12 young (12288K), 12 survivors (12288K)
 Metaspace       used 39795K, capacity 40975K, committed 41136K, reserved 1085440K
  class space    used 4319K, capacity 4763K, committed 4864K, reserved 1048576K
}
Event: 10.230 GC heap before
{Heap before GC invocations=9 (full 0):
 garbage-first heap   total 260096K, used 160805K [0x00000000e0000000, 0x0000000100000000)
  region size 1024K, 152 young (155648K), 12 survivors (12288K)
 Metaspace       used 45777K, capacity 46973K, committed 47280K, reserved 1091584K
  class space    used 5078K, capacity 5521K, committed 5632K, reserved 1048576K
}
Event: 10.241 GC heap after
{Heap after GC invocations=10 (full 0):
 garbage-first heap   total 260096K, used 19664K [0x00000000e0000000, 0x0000000100000000)
  region size 1024K, 10 young (10240K), 10 survivors (10240K)
 Metaspace       used 45777K, capacity 46973K, committed 47280K, reserved 1091584K
  class space    used 5078K, capacity 5521K, committed 5632K, reserved 1048576K
}
Event: 15.942 GC heap before
{Heap before GC invocations=10 (full 0):
 garbage-first heap   total 260096K, used 164048K [0x00000000e0000000, 0x0000000100000000)
  region size 1024K, 152 young (155648K), 10 survivors (10240K)
 Metaspace       used 49673K, capacity 51021K, committed 51248K, reserved 1095680K
  class space    used 5479K, capacity 6013K, committed 6016K, reserved 1048576K
}
Event: 15.953 GC heap after
{Heap after GC invocations=11 (full 0):
 garbage-first heap   total 260096K, used 22763K [0x00000000e0000000, 0x0000000100000000)
  region size 1024K, 13 young (13312K), 13 survivors (13312K)
 Metaspace       used 49673K, capacity 51021K, committed 51248K, reserved 1095680K
  class space    used 5479K, capacity 6013K, committed 6016K, reserved 1048576K
}
Event: 17.359 GC heap before
{Heap before GC invocations=11 (full 0):
 garbage-first heap   total 260096K, used 165099K [0x00000000e0000000, 0x0000000100000000)
  region size 1024K, 152 young (155648K), 13 survivors (13312K)
 Metaspace       used 53244K, capacity 54682K, committed 54832K, reserved 1097728K
  class space    used 5849K, capacity 6412K, committed 6528K, reserved 1048576K
}
Event: 17.371 GC heap after
{Heap after GC invocations=12 (full 0):
 garbage-first heap   total 260096K, used 24652K [0x00000000e0000000, 0x0000000100000000)
  region size 1024K, 12 young (12288K), 12 survivors (12288K)
 Metaspace       used 53244K, capacity 54682K, committed 54832K, reserved 1097728K
  class space    used 5849K, capacity 6412K, committed 6528K, reserved 1048576K
}

